/Volumes/SeaGate/MoviesCMD/videos/2020/.__nSQhWq7etg.mkv
9hNNrKNPGVo.mkv
24B-_HU7NLs.mkv
Zdv1_Iimmgg.mkv
g_C56llGC1E.mkv
/Volumes/SeaGate/MoviesCMD/videos/2017/rZyjko9lXo0.mkv
/Volumes/SeaGate/MoviesCMD/videos/2017/eKxv7whkFMM.mkv
/Volumes/SeaGate/MoviesCMD/videos/2017/0lCR_c5Su1M.mkv
/Volumes/SeaGate/MoviesCMD/videos/2017/w9-ylaUijdc.mkv
/Volumes/SeaGate/MoviesCMD/videos/2017/6WX8Ct4xMvE.mkv
/Volumes/SeaGate/MoviesCMD/videos/2013/0pVwRO2dFVs.mkv
/Volumes/SeaGate/MoviesCMD/videos/2013/D7MotG6VP4I.mkv
/Volumes/SeaGate/MoviesCMD/videos/2013/81fH2bYF59g.mkv
/Volumes/SeaGate/MoviesCMD/videos/2013/LfKPfJmfGgU.mkv
/Volumes/SeaGate/MoviesCMD/videos/2013/bWm1GC01kGo.mkv
/Volumes/SeaGate/MoviesCMD/videos/2013/_f_1Or6RhiQ.mkv
/Volumes/SeaGate/MoviesCMD/videos/2013/MBYRmSeYB4A.mkv
/Volumes/SeaGate/MoviesCMD/videos/2013/7dqjg1TwbXs.mkv
/Volumes/SeaGate/MoviesCMD/videos/2013/aUdbjoT_DPQ.mkv
/Volumes/SeaGate/MoviesCMD/videos/2013/XVGIvc6G6yg.mkv
/Volumes/SeaGate/MoviesCMD/videos/2013/kCtsoBRr1Z0.mkv
/Volumes/SeaGate/MoviesCMD/videos/2013/s2xKn06X9cQ.mkv
/Volumes/SeaGate/MoviesCMD/videos/2013/goOhv_1FYsE.mkv
/Volumes/SeaGate/MoviesCMD/videos/2013/wy1eWsC2sL8.mkv
/Volumes/SeaGate/MoviesCMD/videos/2013/QNrM2ICShJ4.mkv
/Volumes/SeaGate/MoviesCMD/videos/2013/lbIbVWmpcCg.mkv
/Volumes/SeaGate/MoviesCMD/videos/2013/worFlbNJG_w.mkv
/Volumes/SeaGate/MoviesCMD/videos/2013/lwo1GnbKOW8.mkv
/Volumes/SeaGate/MoviesCMD/videos/2013/xvVqMR_f6IY.mkv
/Volumes/SeaGate/MoviesCMD/videos/2013/5iyXb_jNvgc.mkv
/Volumes/SeaGate/MoviesCMD/videos/2013/Tzt-axwwOUY.mkv
/Volumes/SeaGate/MoviesCMD/videos/2012/JWUrJ-zH7fw.mkv
/Volumes/SeaGate/MoviesCMD/videos/2012/kRWvfBinmWw.mkv
/Volumes/SeaGate/MoviesCMD/videos/2012/YCN_nis2E84.mkv
/Volumes/SeaGate/MoviesCMD/videos/2012/wQhcRCuORak.mkv
/Volumes/SeaGate/MoviesCMD/videos/2012/Lc1MmNI8jLc.mkv
/Volumes/SeaGate/MoviesCMD/videos/2012/ZG4DMIhSIZY.mkv
/Volumes/SeaGate/MoviesCMD/videos/2012/as_lXF3HqCY.mkv
/Volumes/SeaGate/MoviesCMD/videos/2012/PTg0wFv6dZ4.mkv
/Volumes/SeaGate/MoviesCMD/videos/2012/KRMxuHWOcTI.mkv
/Volumes/SeaGate/MoviesCMD/videos/2012/Fc7bVIA-b1k.mkv
/Volumes/SeaGate/MoviesCMD/videos/2012/aqa74uEbtDE.mkv
/Volumes/SeaGate/MoviesCMD/videos/2011/DTVnQBRfCAw.mkv
/Volumes/SeaGate/MoviesCMD/videos/2011/s4heu0mPm-I.mkv
/Volumes/SeaGate/MoviesCMD/videos/2011/Ppa4gvsZHDE.mkv
/Volumes/SeaGate/MoviesCMD/videos/2011/S78_9yWvSi8.mkv
/Volumes/SeaGate/MoviesCMD/videos/2011/ZJxNwE6H1SM.mkv
/Volumes/SeaGate/MoviesCMD/videos/2011/RpKQ0AC0p9Q.mkv
/Volumes/SeaGate/MoviesCMD/videos/2011/7hKcWzt4rBA.mkv
